<?xml version="1.0" encoding="UTF-8"?>
<testsuite xmlns:xsi="http://www.w3.org/2001/XMLSchema-instance" xsi:schemaLocation="https://maven.apache.org/surefire/maven-surefire-plugin/xsd/surefire-test-report.xsd" name="org.foo.Junit4ParameterizedTest" time="0.001" tests="7" errors="0" skipped="0" failures="0">
  <properties>
    <!-- list of properties... -->
  </properties>
  <testcase name="test[0: 0+1 = 1]" classname="[0: 0+1 = 1]" time="0.001"/>
  <testcase name="test[1: 1+1 = 2]" classname="[1: 1+1 = 2]" time="0"/>
  <testcase name="test[2: 2+1 = 3]" classname="[2: 2+1 = 3]" time="0"/>
  <testcase name="test[3: 3+2 = 5]" classname="[3: 3+2 = 5]" time="0"/>
  <testcase name="test[4: 4+3 = 7]" classname="[4: 4+3 = 7]" time="0"/>
  <testcase name="test[5: 5+5 = 10]" classname="[5: 5+5 = 10]" time="0"/>
  <testcase name="test[6: 6+8 = 14]" classname="[6: 6+8 = 14]" time="0"/>
</testsuite>
