<?xml version="1.0" encoding="UTF-8"?>
<testsuite name="com.example.project.CalculatorTests$NestedClass" tests="1" skipped="0" failures="0" errors="0" timestamp="2019-08-10T08:31:00" hostname="ligx-solus" time="0.0">
  <properties/>
  <testcase name="addsTwoNumbers()" classname="com.example.project.CalculatorTests$NestedClass" time="0.0"/>
  <system-out><![CDATA[]]></system-out>
  <system-err><![CDATA[]]></system-err>
</testsuite>
