<?xml version="1.0" encoding="UTF-8"?>
<testsuite name="com.example.project.CalculatorTests" tests="4" skipped="0" failures="0" errors="0" timestamp="2019-08-10T08:31:00" hostname="ligx-solus" time="0.024">
  <properties/>
  <testcase name="add(int, int, int)[1]" classname="com.example.project.CalculatorTests" time="0.016"/>
  <testcase name="add(int, int, int)[2]" classname="com.example.project.CalculatorTests" time="0.001"/>
  <testcase name="add(int, int, int)[3]" classname="com.example.project.CalculatorTests" time="0.001"/>
  <testcase name="add(int, int, int)[4]" classname="com.example.project.CalculatorTests" time="0.001"/>
  <system-out><![CDATA[]]></system-out>
  <system-err><![CDATA[]]></system-err>
</testsuite>
