<?xml version="1.0" encoding="UTF-8"?>
<testsuite name=")" tests="1" skipped="0" failures="0" errors="0" timestamp="2018-10-18T13:02:06" hostname="benzonico" time="0.002">
  <properties/>
  <testcase name="Test1(dynamicTest" classname=")" time="0.002"/>
  <system-out><![CDATA[]]></system-out>
  <system-err><![CDATA[]]></system-err>
</testsuite>
